<?xml version="1.0" encoding="UTF-8"?>
<!-- Generated by org.testng.reporters.JUnitReportReporter -->
<testsuite hostname="OAKV-ISUSLENKOV" failures="0" tests="4" name="api.test.UserTests" time="1.871" errors="0" timestamp="2024-01-11T11:12:45 EST" skipped="0">
  <testcase classname="api.test.UserTests" name="testPostUser" time="1.315"/>
  <testcase classname="api.test.UserTests" name="testGetUserByName" time="0.154"/>
  <testcase classname="api.test.UserTests" name="testUpdateByUsername" time="0.270"/>
  <testcase classname="api.test.UserTests" name="testDeleteUserByName" time="0.132"/>
</testsuite> <!-- api.test.UserTests -->
