<?xml version="1.0" encoding="UTF-8"?>
<!-- Generated by org.testng.reporters.JUnitReportReporter -->
<testsuite hostname="OAKV-ISUSLENKOV" failures="0" tests="4" name="api.test.UserTests" time="2.062" errors="0" timestamp="2024-01-11T11:56:59 EST" skipped="0">
  <testcase classname="api.test.UserTests" name="testPostUser" time="1.495"/>
  <testcase classname="api.test.UserTests" name="testGetUserByName" time="0.164"/>
  <testcase classname="api.test.UserTests" name="testUpdateByUsername" time="0.269"/>
  <testcase classname="api.test.UserTests" name="testDeleteUserByName" time="0.134"/>
</testsuite> <!-- api.test.UserTests -->
